0 info it worked if it ends with ok
1 verbose cli [ 'node',
1 verbose cli   '/usr/local/bin/npm',
1 verbose cli   'install',
1 verbose cli   '--save',
1 verbose cli   'jade-browser' ]
2 info using npm@2.11.3
3 info using node@v0.12.7
4 verbose install initial load of /Users/jianghong/GitHub/blog/package.json
5 verbose installManyTop reading scoped package data from /Users/jianghong/GitHub/blog/node_modules/async/package.json
6 verbose installManyTop reading scoped package data from /Users/jianghong/GitHub/blog/node_modules/body-parser/package.json
7 verbose installManyTop reading scoped package data from /Users/jianghong/GitHub/blog/node_modules/cookie-parser/package.json
8 verbose installManyTop reading scoped package data from /Users/jianghong/GitHub/blog/node_modules/debug/package.json
9 verbose installManyTop reading scoped package data from /Users/jianghong/GitHub/blog/node_modules/express/package.json
10 verbose installManyTop reading scoped package data from /Users/jianghong/GitHub/blog/node_modules/jade/package.json
11 verbose installManyTop reading scoped package data from /Users/jianghong/GitHub/blog/node_modules/morgan/package.json
12 verbose installManyTop reading scoped package data from /Users/jianghong/GitHub/blog/node_modules/mysql/package.json
13 verbose installManyTop reading scoped package data from /Users/jianghong/GitHub/blog/node_modules/serve-favicon/package.json
14 verbose readDependencies loading dependencies from /Users/jianghong/GitHub/blog/package.json
15 silly cache add args [ 'jade-browser', null ]
16 verbose cache add spec jade-browser
17 silly cache add parsed spec { raw: 'jade-browser',
17 silly cache add   scope: null,
17 silly cache add   name: 'jade-browser',
17 silly cache add   rawSpec: '',
17 silly cache add   spec: '*',
17 silly cache add   type: 'range' }
18 silly addNamed jade-browser@*
19 verbose addNamed "*" is a valid semver range for jade-browser
20 silly addNameRange { name: 'jade-browser', range: '*', hasData: false }
21 silly mapToRegistry name jade-browser
22 silly mapToRegistry using default registry
23 silly mapToRegistry registry https://registry.npmjs.org/
24 silly mapToRegistry uri https://registry.npmjs.org/jade-browser
25 verbose addNameRange registry:https://registry.npmjs.org/jade-browser not in flight; fetching
26 verbose request uri https://registry.npmjs.org/jade-browser
27 verbose request no auth needed
28 info attempt registry request try #1 at 17:59:02
29 verbose request id bd963bfc2cf39bb9
30 http request GET https://registry.npmjs.org/jade-browser
31 http 200 https://registry.npmjs.org/jade-browser
32 silly get cb [ 200,
32 silly get   { server: 'CouchDB/1.5.0 (Erlang OTP/R16B03)',
32 silly get     etag: '"E3IND9E0EYJO9J73PGOXCSJW8"',
32 silly get     'content-type': 'application/json',
32 silly get     'cache-control': 'max-age=60',
32 silly get     'content-length': '15225',
32 silly get     'accept-ranges': 'bytes',
32 silly get     date: 'Sun, 29 Nov 2015 09:59:11 GMT',
32 silly get     via: '1.1 varnish',
32 silly get     age: '0',
32 silly get     connection: 'keep-alive',
32 silly get     'x-served-by': 'cache-fra1224-FRA',
32 silly get     'x-cache': 'MISS',
32 silly get     'x-cache-hits': '0',
32 silly get     'x-timer': 'S1448791151.161286,VS0,VE191',
32 silly get     vary: 'Accept' } ]
33 verbose get saving jade-browser to /Users/jianghong/.npm/registry.npmjs.org/jade-browser/.cache.json
34 silly addNameRange number 2 { name: 'jade-browser', range: '*', hasData: true }
35 silly addNameRange versions [ 'jade-browser',
35 silly addNameRange   [ '0.0.1',
35 silly addNameRange     '0.0.2',
35 silly addNameRange     '0.0.4',
35 silly addNameRange     '0.0.5',
35 silly addNameRange     '0.0.6',
35 silly addNameRange     '0.0.7',
35 silly addNameRange     '0.0.8',
35 silly addNameRange     '0.0.9',
35 silly addNameRange     '0.0.13',
35 silly addNameRange     '0.0.14' ] ]
36 silly addNamed jade-browser@0.0.14
37 verbose addNamed "0.0.14" is a plain semver version for jade-browser
38 silly mapToRegistry name jade-browser
39 silly mapToRegistry using default registry
40 silly mapToRegistry registry https://registry.npmjs.org/
41 silly mapToRegistry uri https://registry.npmjs.org/jade-browser
42 verbose addRemoteTarball https://registry.npmjs.org/jade-browser/-/jade-browser-0.0.14.tgz not in flight; adding
43 verbose addRemoteTarball [ 'https://registry.npmjs.org/jade-browser/-/jade-browser-0.0.14.tgz',
43 verbose addRemoteTarball   '77dade71b9fa8aca880ef3c699938c7c6b2df8d8' ]
44 info retry fetch attempt 1 at 17:59:17
45 info attempt registry request try #1 at 17:59:17
46 http fetch GET https://registry.npmjs.org/jade-browser/-/jade-browser-0.0.14.tgz
47 http fetch 200 https://registry.npmjs.org/jade-browser/-/jade-browser-0.0.14.tgz
48 silly fetchAndShaCheck shasum 77dade71b9fa8aca880ef3c699938c7c6b2df8d8
49 verbose addTmpTarball /var/folders/t7/h_x8ndhs05q1zh12k6zgbmzr0000gn/T/npm-3534-d8ffcc41/registry.npmjs.org/jade-browser/-/jade-browser-0.0.14.tgz not in flight; adding
50 verbose addTmpTarball already have metadata; skipping unpack for jade-browser@0.0.14
51 silly cache afterAdd jade-browser@0.0.14
52 verbose afterAdd /Users/jianghong/.npm/jade-browser/0.0.14/package/package.json not in flight; writing
53 verbose afterAdd /Users/jianghong/.npm/jade-browser/0.0.14/package/package.json written
54 silly install resolved [ { author: { name: 'Storify', email: 'api@storify.com' },
54 silly install resolved     name: 'jade-browser',
54 silly install resolved     description: 'express/connect middleware that serves jade compiled templates to the browser',
54 silly install resolved     version: '0.0.14',
54 silly install resolved     repository: { url: 'https://github.com/storify/jade-browser/' },
54 silly install resolved     main: './index.js',
54 silly install resolved     engines: { node: '>= 0.4' },
54 silly install resolved     dependencies:
54 silly install resolved      { jade: '0.20.3',
54 silly install resolved        async: '0.1.18',
54 silly install resolved        glob: '3.1.7',
54 silly install resolved        'uglify-js': '1.2.5' },
54 silly install resolved     devDependencies:
54 silly install resolved      { mocha: '1.11.0',
54 silly install resolved        'expect.js': '0.2.0',
54 silly install resolved        express: '3.2.6',
54 silly install resolved        superagent: '0.14.9' },
54 silly install resolved     scripts: { test: 'mocha test' },
54 silly install resolved     optionalDependencies: {},
54 silly install resolved     _id: 'jade-browser@0.0.14',
54 silly install resolved     dist:
54 silly install resolved      { shasum: '77dade71b9fa8aca880ef3c699938c7c6b2df8d8',
54 silly install resolved        tarball: 'http://registry.npmjs.org/jade-browser/-/jade-browser-0.0.14.tgz' },
54 silly install resolved     _from: 'jade-browser@*',
54 silly install resolved     _npmVersion: '1.2.11',
54 silly install resolved     _npmUser: { name: 'storify', email: 'philippe.modard@gmail.com' },
54 silly install resolved     maintainers: [ [Object], [Object], [Object], [Object] ],
54 silly install resolved     directories: {},
54 silly install resolved     _shasum: '77dade71b9fa8aca880ef3c699938c7c6b2df8d8',
54 silly install resolved     _resolved: 'https://registry.npmjs.org/jade-browser/-/jade-browser-0.0.14.tgz' } ]
55 info install jade-browser@0.0.14 into /Users/jianghong/GitHub/blog
56 info installOne jade-browser@0.0.14
57 verbose installOne of jade-browser to /Users/jianghong/GitHub/blog not in flight; installing
58 verbose lock using /Users/jianghong/.npm/_locks/jade-browser-583b1aee55ac39b1.lock for /Users/jianghong/GitHub/blog/node_modules/jade-browser
59 silly install write writing jade-browser 0.0.14 to /Users/jianghong/GitHub/blog/node_modules/jade-browser
60 verbose unbuild node_modules/jade-browser
61 silly gentlyRm /Users/jianghong/GitHub/blog/node_modules/jade-browser is being purged from base /Users/jianghong/GitHub/blog
62 verbose gentlyRm don't care about contents; nuking /Users/jianghong/GitHub/blog/node_modules/jade-browser
63 verbose tar unpack /Users/jianghong/.npm/jade-browser/0.0.14/package.tgz
64 verbose tar unpacking to /Users/jianghong/GitHub/blog/node_modules/jade-browser
65 silly gentlyRm /Users/jianghong/GitHub/blog/node_modules/jade-browser is being purged
66 verbose gentlyRm don't care about contents; nuking /Users/jianghong/GitHub/blog/node_modules/jade-browser
67 silly gunzTarPerm modes [ '755', '644' ]
68 silly gunzTarPerm extractEntry package.json
69 silly gunzTarPerm extractEntry .npmignore
70 silly gunzTarPerm extractEntry README.md
71 silly gunzTarPerm extractEntry index.js
72 silly gunzTarPerm extractEntry .travis.yml
73 silly gunzTarPerm extractEntry lib/expose.js
74 silly gunzTarPerm extractEntry lib/render.js
75 silly gunzTarPerm extractEntry lib/utils.js
76 silly gunzTarPerm extractEntry test/index.js
77 silly gunzTarPerm extractEntry test/template/test.jade
78 verbose write writing to /Users/jianghong/GitHub/blog/node_modules/jade-browser/package.json
79 info preinstall jade-browser@0.0.14
80 verbose readDependencies loading dependencies from /Users/jianghong/GitHub/blog/node_modules/jade-browser/package.json
81 silly prepareForInstallMany adding jade@0.20.3 from jade-browser dependencies
82 silly prepareForInstallMany adding async@0.1.18 from jade-browser dependencies
83 silly prepareForInstallMany adding glob@3.1.7 from jade-browser dependencies
84 silly prepareForInstallMany adding uglify-js@1.2.5 from jade-browser dependencies
85 verbose readDependencies loading dependencies from /Users/jianghong/GitHub/blog/node_modules/jade-browser/package.json
86 silly cache add args [ 'jade@0.20.3', null ]
87 verbose cache add spec jade@0.20.3
88 silly cache add args [ 'async@0.1.18', null ]
89 verbose cache add spec async@0.1.18
90 silly cache add parsed spec { raw: 'jade@0.20.3',
90 silly cache add   scope: null,
90 silly cache add   name: 'jade',
90 silly cache add   rawSpec: '0.20.3',
90 silly cache add   spec: '0.20.3',
90 silly cache add   type: 'version' }
91 silly addNamed jade@0.20.3
92 verbose addNamed "0.20.3" is a plain semver version for jade
93 silly mapToRegistry name jade
94 silly mapToRegistry using default registry
95 silly mapToRegistry registry https://registry.npmjs.org/
96 silly mapToRegistry uri https://registry.npmjs.org/jade
97 verbose addNameVersion registry:https://registry.npmjs.org/jade not in flight; fetching
98 silly cache add parsed spec { raw: 'async@0.1.18',
98 silly cache add   scope: null,
98 silly cache add   name: 'async',
98 silly cache add   rawSpec: '0.1.18',
98 silly cache add   spec: '0.1.18',
98 silly cache add   type: 'version' }
99 silly addNamed async@0.1.18
100 verbose addNamed "0.1.18" is a plain semver version for async
101 silly mapToRegistry name async
102 silly mapToRegistry using default registry
103 silly mapToRegistry registry https://registry.npmjs.org/
104 silly mapToRegistry uri https://registry.npmjs.org/async
105 verbose addNameVersion registry:https://registry.npmjs.org/async not in flight; fetching
106 silly cache add args [ 'glob@3.1.7', null ]
107 verbose cache add spec glob@3.1.7
108 silly cache add parsed spec { raw: 'glob@3.1.7',
108 silly cache add   scope: null,
108 silly cache add   name: 'glob',
108 silly cache add   rawSpec: '3.1.7',
108 silly cache add   spec: '3.1.7',
108 silly cache add   type: 'version' }
109 silly addNamed glob@3.1.7
110 verbose addNamed "3.1.7" is a plain semver version for glob
111 silly mapToRegistry name glob
112 silly mapToRegistry using default registry
113 silly mapToRegistry registry https://registry.npmjs.org/
114 silly mapToRegistry uri https://registry.npmjs.org/glob
115 verbose addNameVersion registry:https://registry.npmjs.org/glob not in flight; fetching
116 silly cache add args [ 'uglify-js@1.2.5', null ]
117 verbose cache add spec uglify-js@1.2.5
118 silly cache add parsed spec { raw: 'uglify-js@1.2.5',
118 silly cache add   scope: null,
118 silly cache add   name: 'uglify-js',
118 silly cache add   rawSpec: '1.2.5',
118 silly cache add   spec: '1.2.5',
118 silly cache add   type: 'version' }
119 silly addNamed uglify-js@1.2.5
120 verbose addNamed "1.2.5" is a plain semver version for uglify-js
121 silly mapToRegistry name uglify-js
122 silly mapToRegistry using default registry
123 silly mapToRegistry registry https://registry.npmjs.org/
124 silly mapToRegistry uri https://registry.npmjs.org/uglify-js
125 verbose addNameVersion registry:https://registry.npmjs.org/uglify-js not in flight; fetching
126 verbose request uri https://registry.npmjs.org/async
127 verbose request no auth needed
128 info attempt registry request try #1 at 17:59:19
129 verbose etag "3NAM5138IN7MG0AQ24JAFAUES"
130 http request GET https://registry.npmjs.org/async
131 verbose request uri https://registry.npmjs.org/jade
132 verbose request no auth needed
133 info attempt registry request try #1 at 17:59:19
134 verbose etag "742PGMCSFRKXCOHGUE2KXDEOH"
135 http request GET https://registry.npmjs.org/jade
136 verbose request uri https://registry.npmjs.org/glob
137 verbose request no auth needed
138 info attempt registry request try #1 at 17:59:19
139 verbose etag "EKS9REXHLRUFX5XZYX3CWQW4F"
140 http request GET https://registry.npmjs.org/glob
141 verbose request uri https://registry.npmjs.org/uglify-js
142 verbose request no auth needed
143 info attempt registry request try #1 at 17:59:19
144 verbose etag "8MEEADPIWEKP0RMTPUUSRU2XA"
145 http request GET https://registry.npmjs.org/uglify-js
146 http 304 https://registry.npmjs.org/uglify-js
147 silly get cb [ 304,
147 silly get   { date: 'Sun, 29 Nov 2015 09:59:20 GMT',
147 silly get     via: '1.1 varnish',
147 silly get     'cache-control': 'max-age=60',
147 silly get     etag: '"8MEEADPIWEKP0RMTPUUSRU2XA"',
147 silly get     age: '6',
147 silly get     connection: 'keep-alive',
147 silly get     'x-served-by': 'cache-fra1227-FRA',
147 silly get     'x-cache': 'HIT',
147 silly get     'x-cache-hits': '1',
147 silly get     'x-timer': 'S1448791160.720054,VS0,VE0',
147 silly get     vary: 'Accept' } ]
148 verbose etag https://registry.npmjs.org/uglify-js from cache
149 verbose get saving uglify-js to /Users/jianghong/.npm/registry.npmjs.org/uglify-js/.cache.json
150 silly mapToRegistry name uglify-js
151 silly mapToRegistry using default registry
152 silly mapToRegistry registry https://registry.npmjs.org/
153 silly mapToRegistry uri https://registry.npmjs.org/uglify-js
154 verbose addRemoteTarball https://registry.npmjs.org/uglify-js/-/uglify-js-1.2.5.tgz not in flight; adding
155 verbose addRemoteTarball [ 'https://registry.npmjs.org/uglify-js/-/uglify-js-1.2.5.tgz',
155 verbose addRemoteTarball   'b542c2c76f78efb34b200b20177634330ff702b6' ]
156 info retry fetch attempt 1 at 17:59:20
157 info attempt registry request try #1 at 17:59:20
158 http fetch GET https://registry.npmjs.org/uglify-js/-/uglify-js-1.2.5.tgz
159 http 304 https://registry.npmjs.org/async
160 silly get cb [ 304,
160 silly get   { date: 'Sun, 29 Nov 2015 09:59:20 GMT',
160 silly get     via: '1.1 varnish',
160 silly get     'cache-control': 'max-age=60',
160 silly get     etag: '"3NAM5138IN7MG0AQ24JAFAUES"',
160 silly get     age: '32',
160 silly get     connection: 'keep-alive',
160 silly get     'x-served-by': 'cache-fra1236-FRA',
160 silly get     'x-cache': 'HIT',
160 silly get     'x-cache-hits': '3',
160 silly get     'x-timer': 'S1448791160.735434,VS0,VE0',
160 silly get     vary: 'Accept' } ]
161 verbose etag https://registry.npmjs.org/async from cache
162 verbose get saving async to /Users/jianghong/.npm/registry.npmjs.org/async/.cache.json
163 silly mapToRegistry name async
164 silly mapToRegistry using default registry
165 silly mapToRegistry registry https://registry.npmjs.org/
166 silly mapToRegistry uri https://registry.npmjs.org/async
167 verbose addRemoteTarball https://registry.npmjs.org/async/-/async-0.1.18.tgz not in flight; adding
168 verbose addRemoteTarball [ 'https://registry.npmjs.org/async/-/async-0.1.18.tgz',
168 verbose addRemoteTarball   'c59c923920b76d5bf23248c04433920c4d45086a' ]
169 info retry fetch attempt 1 at 17:59:20
170 info attempt registry request try #1 at 17:59:20
171 http fetch GET https://registry.npmjs.org/async/-/async-0.1.18.tgz
172 http 304 https://registry.npmjs.org/jade
173 silly get cb [ 304,
173 silly get   { date: 'Sun, 29 Nov 2015 09:59:21 GMT',
173 silly get     via: '1.1 varnish',
173 silly get     'cache-control': 'max-age=60',
173 silly get     etag: '"742PGMCSFRKXCOHGUE2KXDEOH"',
173 silly get     age: '0',
173 silly get     connection: 'keep-alive',
173 silly get     'x-served-by': 'cache-fra1231-FRA',
173 silly get     'x-cache': 'HIT',
173 silly get     'x-cache-hits': '1',
173 silly get     'x-timer': 'S1448791161.165594,VS0,VE100',
173 silly get     vary: 'Accept' } ]
174 verbose etag https://registry.npmjs.org/jade from cache
175 verbose get saving jade to /Users/jianghong/.npm/registry.npmjs.org/jade/.cache.json
176 silly mapToRegistry name jade
177 silly mapToRegistry using default registry
178 silly mapToRegistry registry https://registry.npmjs.org/
179 silly mapToRegistry uri https://registry.npmjs.org/jade
180 verbose addRemoteTarball https://registry.npmjs.org/jade/-/jade-0.20.3.tgz not in flight; adding
181 verbose addRemoteTarball [ 'https://registry.npmjs.org/jade/-/jade-0.20.3.tgz',
181 verbose addRemoteTarball   '7f43cbc7103762abb72a67fd6484eb72ac1d28a0' ]
182 info retry fetch attempt 1 at 17:59:21
183 info attempt registry request try #1 at 17:59:21
184 http fetch GET https://registry.npmjs.org/jade/-/jade-0.20.3.tgz
185 http fetch 200 https://registry.npmjs.org/async/-/async-0.1.18.tgz
186 silly fetchAndShaCheck shasum c59c923920b76d5bf23248c04433920c4d45086a
187 verbose addTmpTarball /var/folders/t7/h_x8ndhs05q1zh12k6zgbmzr0000gn/T/npm-3534-d8ffcc41/registry.npmjs.org/async/-/async-0.1.18.tgz not in flight; adding
188 verbose addTmpTarball already have metadata; skipping unpack for async@0.1.18
189 silly cache afterAdd async@0.1.18
190 verbose afterAdd /Users/jianghong/.npm/async/0.1.18/package/package.json not in flight; writing
191 verbose afterAdd /Users/jianghong/.npm/async/0.1.18/package/package.json written
192 http fetch 200 https://registry.npmjs.org/jade/-/jade-0.20.3.tgz
193 silly fetchAndShaCheck shasum 7f43cbc7103762abb72a67fd6484eb72ac1d28a0
194 verbose addTmpTarball /var/folders/t7/h_x8ndhs05q1zh12k6zgbmzr0000gn/T/npm-3534-d8ffcc41/registry.npmjs.org/jade/-/jade-0.20.3.tgz not in flight; adding
195 verbose addTmpTarball already have metadata; skipping unpack for jade@0.20.3
196 silly cache afterAdd jade@0.20.3
197 verbose afterAdd /Users/jianghong/.npm/jade/0.20.3/package/package.json not in flight; writing
198 verbose afterAdd /Users/jianghong/.npm/jade/0.20.3/package/package.json written
199 http fetch 200 https://registry.npmjs.org/uglify-js/-/uglify-js-1.2.5.tgz
200 http 200 https://registry.npmjs.org/glob
201 silly get cb [ 200,
201 silly get   { server: 'CouchDB/1.5.0 (Erlang OTP/R16B03)',
201 silly get     etag: '"8HEL05R4BOWZCM13ITMB2QQEQ"',
201 silly get     'content-type': 'application/json',
201 silly get     'cache-control': 'max-age=60',
201 silly get     'content-length': '109914',
201 silly get     'accept-ranges': 'bytes',
201 silly get     date: 'Sun, 29 Nov 2015 09:59:22 GMT',
201 silly get     via: '1.1 varnish',
201 silly get     age: '34',
201 silly get     connection: 'keep-alive',
201 silly get     'x-served-by': 'cache-fra1224-FRA',
201 silly get     'x-cache': 'HIT',
201 silly get     'x-cache-hits': '2',
201 silly get     'x-timer': 'S1448791162.299038,VS0,VE0',
201 silly get     vary: 'Accept' } ]
202 verbose get saving glob to /Users/jianghong/.npm/registry.npmjs.org/glob/.cache.json
203 silly mapToRegistry name glob
204 silly mapToRegistry using default registry
205 silly mapToRegistry registry https://registry.npmjs.org/
206 silly mapToRegistry uri https://registry.npmjs.org/glob
207 verbose addRemoteTarball https://registry.npmjs.org/glob/-/glob-3.1.7.tgz not in flight; adding
208 verbose addRemoteTarball [ 'https://registry.npmjs.org/glob/-/glob-3.1.7.tgz',
208 verbose addRemoteTarball   'ded55665aa60fe02cecf876ca57bf5a405e161b8' ]
209 info retry fetch attempt 1 at 17:59:36
210 info attempt registry request try #1 at 17:59:36
211 http fetch GET https://registry.npmjs.org/glob/-/glob-3.1.7.tgz
212 http fetch 200 https://registry.npmjs.org/glob/-/glob-3.1.7.tgz
213 silly fetchAndShaCheck shasum ded55665aa60fe02cecf876ca57bf5a405e161b8
214 verbose addTmpTarball /var/folders/t7/h_x8ndhs05q1zh12k6zgbmzr0000gn/T/npm-3534-d8ffcc41/registry.npmjs.org/glob/-/glob-3.1.7.tgz not in flight; adding
215 verbose addTmpTarball already have metadata; skipping unpack for glob@3.1.7
216 silly cache afterAdd glob@3.1.7
217 verbose afterAdd /Users/jianghong/.npm/glob/3.1.7/package/package.json not in flight; writing
218 verbose afterAdd /Users/jianghong/.npm/glob/3.1.7/package/package.json written
219 silly fetchAndShaCheck shasum b542c2c76f78efb34b200b20177634330ff702b6
220 verbose about to build /Users/jianghong/GitHub/blog/node_modules/jade-browser
221 verbose unlock done using /Users/jianghong/.npm/_locks/jade-browser-583b1aee55ac39b1.lock for /Users/jianghong/GitHub/blog/node_modules/jade-browser
222 verbose stack Error: shasum check failed for /var/folders/t7/h_x8ndhs05q1zh12k6zgbmzr0000gn/T/npm-3534-d8ffcc41/registry.npmjs.org/uglify-js/-/uglify-js-1.2.5.tgz
222 verbose stack Expected: b542c2c76f78efb34b200b20177634330ff702b6
222 verbose stack Actual:   22e91a2038986571e64e81bc67aa8f3a3f3240be
222 verbose stack From:     https://registry.npmjs.org/uglify-js/-/uglify-js-1.2.5.tgz
222 verbose stack     at /usr/local/lib/node_modules/npm/node_modules/sha/index.js:38:8
222 verbose stack     at ReadStream.<anonymous> (/usr/local/lib/node_modules/npm/node_modules/sha/index.js:85:7)
222 verbose stack     at ReadStream.emit (events.js:129:20)
222 verbose stack     at _stream_readable.js:908:16
222 verbose stack     at process._tickCallback (node.js:355:11)
223 verbose cwd /Users/jianghong/GitHub/blog
224 error Darwin 15.0.0
225 error argv "node" "/usr/local/bin/npm" "install" "--save" "jade-browser"
226 error node v0.12.7
227 error npm  v2.11.3
228 error shasum check failed for /var/folders/t7/h_x8ndhs05q1zh12k6zgbmzr0000gn/T/npm-3534-d8ffcc41/registry.npmjs.org/uglify-js/-/uglify-js-1.2.5.tgz
228 error Expected: b542c2c76f78efb34b200b20177634330ff702b6
228 error Actual:   22e91a2038986571e64e81bc67aa8f3a3f3240be
228 error From:     https://registry.npmjs.org/uglify-js/-/uglify-js-1.2.5.tgz
229 error If you need help, you may report this error at:
229 error     <https://github.com/npm/npm/issues>
230 verbose exit [ 1, true ]
231 verbose unbuild node_modules/jade-browser
232 info preuninstall jade-browser@0.0.14
233 info uninstall jade-browser@0.0.14
234 verbose unbuild rmStuff jade-browser@0.0.14 from /Users/jianghong/GitHub/blog/node_modules
235 info postuninstall jade-browser@0.0.14
236 silly gentlyRm /Users/jianghong/GitHub/blog/node_modules/jade-browser is being purged from base /Users/jianghong/GitHub/blog
237 verbose gentlyRm don't care about contents; nuking /Users/jianghong/GitHub/blog/node_modules/jade-browser
238 silly vacuum-fs purging /Users/jianghong/GitHub/blog/node_modules/jade-browser
239 silly vacuum-fs quitting because other entries in /Users/jianghong/GitHub/blog/node_modules
